<?xml version="1.0" encoding="UTF-8"?>
<!-- Generated by org.testng.reporters.JUnitXMLReporter -->
<testsuite hostname="Zeyneps-Air.fios-router.home" ignored="2" name="hub spot Sanity Test" tests="5" failures="0" timestamp="03 Dec 2019 17:51:51 GMT" time="59.715" errors="0">
  <testcase name="verifyHomePageTitleTest" time="0.038" classname="com.hubspot.tests.HomePageTest"/>
  <testcase name="loginTest" time="4.912" classname="com.hubspot.tests.LoginTest"/>
  <testcase name="verifyHomePageHeaderTest" time="0.061" classname="com.hubspot.tests.HomePageTest"/>
  <testcase name="verifyLoggedInUserAccountTest" time="0.051" classname="com.hubspot.tests.HomePageTest"/>
  <testcase name="loginPageTitleTest" time="0.027" classname="com.hubspot.tests.LoginTest"/>
  <testcase name="loginTest1" time="0.0" classname="com.hubspot.tests.LoginTest">
    <ignored/>
  </testcase> <!-- loginTest1 -->
  <testcase name="loginTest2" time="0.0" classname="com.hubspot.tests.LoginTest">
    <ignored/>
  </testcase> <!-- loginTest2 -->
</testsuite> <!-- hub spot Sanity Test -->
