<?xml version="1.0" encoding="UTF-8"?>
<!-- Generated by org.testng.reporters.JUnitXMLReporter -->
<testsuite hostname="Zeyneps-Air.fios-router.home" ignored="2" name="Default test" tests="1" failures="0" timestamp="03 Dec 2019 16:50:33 GMT" time="15.074" errors="0">
  <testcase name="verifyHomePageTitleTest" time="0.087" classname="com.hubspot.tests.HomePageTest"/>
  <testcase name="verifyLoggedInUserAccountTest" time="0.0" classname="com.hubspot.tests.HomePageTest">
    <ignored/>
  </testcase> <!-- verifyLoggedInUserAccountTest -->
  <testcase name="verifyHomePageHeaderTest" time="0.0" classname="com.hubspot.tests.HomePageTest">
    <ignored/>
  </testcase> <!-- verifyHomePageHeaderTest -->
</testsuite> <!-- Default test -->
