<?xml version="1.0" encoding="UTF-8"?>
<testng-results skipped="0" failed="0" ignored="2" total="7" passed="5">
  <reporter-output>
  </reporter-output>
  <suite name="Hub Spot Test Sanity Suite" duration-ms="59715" started-at="2019-12-03T17:50:51Z" finished-at="2019-12-03T17:51:51Z">
    <groups>
    </groups>
    <test name="hub spot Sanity Test" duration-ms="59715" started-at="2019-12-03T17:50:51Z" finished-at="2019-12-03T17:51:51Z">
      <class name="com.hubspot.tests.LoginTest">
        <test-method status="PASS" signature="setUp()[pri:0, instance:com.hubspot.tests.LoginTest@11ee02f8]" name="setUp" is-config="true" duration-ms="6882" started-at="2019-12-03T17:51:07Z" finished-at="2019-12-03T17:51:13Z">
          <reporter-output>
          </reporter-output>
        </test-method> <!-- setUp -->
        <test-method status="PASS" signature="loginTest()[pri:1, instance:com.hubspot.tests.LoginTest@11ee02f8]" name="loginTest" duration-ms="4912" started-at="2019-12-03T17:51:13Z" description="login test with correct username and correct password" finished-at="2019-12-03T17:51:18Z">
          <reporter-output>
          </reporter-output>
        </test-method> <!-- loginTest -->
        <test-method status="PASS" signature="tearDown()[pri:0, instance:com.hubspot.tests.LoginTest@11ee02f8]" name="tearDown" is-config="true" duration-ms="148" started-at="2019-12-03T17:51:18Z" finished-at="2019-12-03T17:51:19Z">
          <reporter-output>
          </reporter-output>
        </test-method> <!-- tearDown -->
        <test-method status="PASS" signature="setUp()[pri:0, instance:com.hubspot.tests.LoginTest@11ee02f8]" name="setUp" is-config="true" duration-ms="6820" started-at="2019-12-03T17:51:44Z" finished-at="2019-12-03T17:51:51Z">
          <reporter-output>
          </reporter-output>
        </test-method> <!-- setUp -->
        <test-method status="PASS" signature="loginPageTitleTest()[pri:4, instance:com.hubspot.tests.LoginTest@11ee02f8]" name="loginPageTitleTest" duration-ms="27" started-at="2019-12-03T17:51:51Z" description="login page title test... " finished-at="2019-12-03T17:51:51Z">
          <reporter-output>
          </reporter-output>
        </test-method> <!-- loginPageTitleTest -->
        <test-method status="PASS" signature="tearDown()[pri:0, instance:com.hubspot.tests.LoginTest@11ee02f8]" name="tearDown" is-config="true" duration-ms="103" started-at="2019-12-03T17:51:51Z" finished-at="2019-12-03T17:51:51Z">
          <reporter-output>
          </reporter-output>
        </test-method> <!-- tearDown -->
      </class> <!-- com.hubspot.tests.LoginTest -->
      <class name="com.hubspot.tests.HomePageTest">
        <test-method status="PASS" signature="setUp()[pri:0, instance:com.hubspot.tests.HomePageTest@3f3c966c]" name="setUp" is-config="true" duration-ms="14470" started-at="2019-12-03T17:50:52Z" finished-at="2019-12-03T17:51:06Z">
          <reporter-output>
          </reporter-output>
        </test-method> <!-- setUp -->
        <test-method status="PASS" signature="verifyHomePageTitleTest()[pri:1, instance:com.hubspot.tests.HomePageTest@3f3c966c]" name="verifyHomePageTitleTest" duration-ms="38" started-at="2019-12-03T17:51:06Z" description="This method gets the title from HomePage" finished-at="2019-12-03T17:51:06Z">
          <reporter-output>
          </reporter-output>
        </test-method> <!-- verifyHomePageTitleTest -->
        <test-method status="PASS" signature="tearDown()[pri:0, instance:com.hubspot.tests.HomePageTest@3f3c966c]" name="tearDown" is-config="true" duration-ms="215" started-at="2019-12-03T17:51:06Z" finished-at="2019-12-03T17:51:07Z">
          <reporter-output>
          </reporter-output>
        </test-method> <!-- tearDown -->
        <test-method status="PASS" signature="setUp()[pri:0, instance:com.hubspot.tests.HomePageTest@3f3c966c]" name="setUp" is-config="true" duration-ms="12623" started-at="2019-12-03T17:51:19Z" finished-at="2019-12-03T17:51:31Z">
          <reporter-output>
          </reporter-output>
        </test-method> <!-- setUp -->
        <test-method status="PASS" signature="verifyHomePageHeaderTest()[pri:2, instance:com.hubspot.tests.HomePageTest@3f3c966c]" name="verifyHomePageHeaderTest" duration-ms="61" started-at="2019-12-03T17:51:31Z" description="This method verifies HomePage header" finished-at="2019-12-03T17:51:31Z">
          <reporter-output>
          </reporter-output>
        </test-method> <!-- verifyHomePageHeaderTest -->
        <test-method status="PASS" signature="tearDown()[pri:0, instance:com.hubspot.tests.HomePageTest@3f3c966c]" name="tearDown" is-config="true" duration-ms="136" started-at="2019-12-03T17:51:31Z" finished-at="2019-12-03T17:51:31Z">
          <reporter-output>
          </reporter-output>
        </test-method> <!-- tearDown -->
        <test-method status="PASS" signature="setUp()[pri:0, instance:com.hubspot.tests.HomePageTest@3f3c966c]" name="setUp" is-config="true" duration-ms="12640" started-at="2019-12-03T17:51:31Z" finished-at="2019-12-03T17:51:44Z">
          <reporter-output>
          </reporter-output>
        </test-method> <!-- setUp -->
        <test-method status="PASS" signature="verifyLoggedInUserAccountTest()[pri:3, instance:com.hubspot.tests.HomePageTest@3f3c966c]" name="verifyLoggedInUserAccountTest" duration-ms="51" started-at="2019-12-03T17:51:44Z" description="This method verifies user information" finished-at="2019-12-03T17:51:44Z">
          <reporter-output>
          </reporter-output>
        </test-method> <!-- verifyLoggedInUserAccountTest -->
        <test-method status="PASS" signature="tearDown()[pri:0, instance:com.hubspot.tests.HomePageTest@3f3c966c]" name="tearDown" is-config="true" duration-ms="201" started-at="2019-12-03T17:51:44Z" finished-at="2019-12-03T17:51:44Z">
          <reporter-output>
          </reporter-output>
        </test-method> <!-- tearDown -->
      </class> <!-- com.hubspot.tests.HomePageTest -->
    </test> <!-- hub spot Sanity Test -->
  </suite> <!-- Hub Spot Test Sanity Suite -->
</testng-results>
